\BOOKMARK [0][-]{chapter.1}{\376\377\000W\000h\000a\000t\040\031\000s\000\040\000N\000e\000w\000?}{}% 1
\BOOKMARK [0][-]{chapter.2}{\376\377\000O\000v\000e\000r\000v\000i\000e\000w}{}% 2
\BOOKMARK [1][-]{section.2.1}{\376\377\000W\000h\000a\000t\000\040\000i\000s\000\040\000L\000o\000o\000m\000?}{chapter.2}% 3
\BOOKMARK [1][-]{section.2.2}{\376\377\000W\000h\000y\000\040\000L\000o\000o\000m\000?}{chapter.2}% 4
\BOOKMARK [1][-]{section.2.3}{\376\377\000L\000o\000o\000m\000\040\000v\000s\000.\000\040\000T\000r\000a\000d\000i\000t\000i\000o\000n\000a\000l\000\040\000D\000a\000t\000a\000\040\000M\000a\000n\000a\000g\000e\000m\000e\000n\000t}{chapter.2}% 5
\BOOKMARK [1][-]{section.2.4}{\376\377\000L\000o\000o\000m\000\040\000C\000o\000m\000p\000o\000n\000e\000n\000t\000s}{chapter.2}% 6
\BOOKMARK [1][-]{section.2.5}{\376\377\000W\000h\000a\000t\000\040\000a\000\040\000u\000s\000e\000r\000\040\000c\000a\000n\000\040\000a\000c\000h\000i\000e\000v\000e\000\040\000w\000i\000t\000h\000\040\000L\000o\000o\000m\000?}{chapter.2}% 7
\BOOKMARK [1][-]{section.2.6}{\376\377\000L\000o\000o\000m\000\040\000U\000s\000a\000g\000e\000\040\000W\000o\000r\000k\000f\000l\000o\000w}{chapter.2}% 8
\BOOKMARK [0][-]{chapter.3}{\376\377\000W\000h\000o\000\040\000s\000h\000o\000u\000l\000d\000\040\000u\000s\000e\000\040\000L\000o\000o\000m\000?}{}% 9
\BOOKMARK [1][-]{section.3.1}{\376\377\000I\000n\000f\000o\000r\000m\000a\000t\000i\000o\000n\000\040\000O\000f\000f\000i\000c\000e\000r\000s}{chapter.3}% 10
\BOOKMARK [1][-]{section.3.2}{\376\377\000D\000e\000v\000O\000p\000s\000\040\000c\000r\000e\000a\000t\000i\000n\000g\000\040\000I\000n\000f\000o\000r\000m\000a\000t\000i\000o\000n\000\040\000A\000p\000p\000s}{chapter.3}% 11
\BOOKMARK [1][-]{section.3.3}{\376\377\000L\000o\000o\000m\000\040\000R\000o\000l\000e\000s\000\040\000\046\000\040\000U\000s\000e\000r\000\040\000P\000e\000r\000s\000o\000n\000a\000s}{chapter.3}% 12
\BOOKMARK [0][-]{chapter.4}{\376\377\000H\000o\000w\000\040\000L\000o\000o\000m\000\040\000w\000o\000r\000k\000s\000?}{}% 13
\BOOKMARK [0][-]{chapter.5}{\376\377\000I\000n\000t\000e\000r\000a\000c\000t\000i\000n\000g\000\040\000w\000i\000t\000h\000\040\000L\000o\000o\000m}{}% 14
\BOOKMARK [1][-]{section.5.1}{\376\377\000L\000o\000o\000m\000\040\000U\000I}{chapter.5}% 15
\BOOKMARK [1][-]{section.5.2}{\376\377\000L\000o\000o\000m\000\040\000D\000a\000s\000h\000b\000o\000a\000r\000d}{chapter.5}% 16
\BOOKMARK [1][-]{section.5.3}{\376\377\000L\000o\000o\000m\000\040\000W\000o\000r\000k\000f\000l\000o\000w\000s}{chapter.5}% 17
\BOOKMARK [0][-]{chapter.6}{\376\377\000P\000l\000a\000t\000f\000o\000r\000m\000\040\000T\000e\000c\000h\000n\000i\000c\000a\000l\000\040\000S\000p\000e\000c\000i\000f\000i\000c\000a\000t\000i\000o\000n\000s}{}% 18
\BOOKMARK [1][-]{section.6.1}{\376\377\000S\000c\000a\000l\000a\000b\000i\000l\000i\000t\000y\000\040\000S\000p\000e\000c\000i\000f\000i\000c\000a\000t\000i\000o\000n\000s}{chapter.6}% 19
\BOOKMARK [1][-]{section.6.2}{\376\377\000S\000u\000p\000p\000o\000r\000t\000e\000d\000\040\000D\000a\000t\000a\000\040\000T\000y\000p\000e\000s\000,\000\040\000D\000a\000t\000a\000\040\000S\000o\000u\000r\000c\000e\000s\000\040\000\046\000\040\000T\000e\000c\000h\000n\000o\000l\000o\000g\000i\000e\000s}{chapter.6}% 20
\BOOKMARK [1][-]{section.6.3}{\376\377\000L\000o\000o\000m\000\040\000P\000l\000a\000t\000f\000o\000r\000m\000\040\000S\000o\000f\000t\000w\000a\000r\000e\000\040\000D\000e\000p\000e\000n\000d\000e\000n\000c\000y\000\040\000V\000e\000r\000s\000i\000o\000n\000s}{chapter.6}% 21
\BOOKMARK [0][-]{chapter.7}{\376\377\000N\000e\000x\000t\000\040\000S\000t\000e\000p\000s}{}% 22
