This is pdfTeX, Version 3.14159265-2.6-1.40.18 (TeX Live 2017) (preloaded format=pdflatex 2017.12.16)  7 APR 2018 23:54
entering extended mode
 restricted \write18 enabled.
 %&-line parsing enabled.
**gsg.tex
(./gsg.tex
LaTeX2e <2017-04-15>
Babel <3.10> and hyphenation patterns for 84 language(s) loaded.
(./sphinxmanual.cls
Document Class: sphinxmanual 2017/03/26 v1.6 Document class (Sphinx manual)
(/usr/local/texlive/2017/texmf-dist/tex/latex/base/report.cls
Document Class: report 2014/09/29 v1.4h Standard LaTeX document class
(/usr/local/texlive/2017/texmf-dist/tex/latex/base/size10.clo
File: size10.clo 2014/09/29 v1.4h Standard LaTeX file (size option)
)
\c@part=\count79
\c@chapter=\count80
\c@section=\count81
\c@subsection=\count82
\c@subsubsection=\count83
\c@paragraph=\count84
\c@subparagraph=\count85
\c@figure=\count86
\c@table=\count87
\abovecaptionskip=\skip41
\belowcaptionskip=\skip42
\bibindent=\dimen102
))
(/usr/local/texlive/2017/texmf-dist/tex/latex/base/inputenc.sty
Package: inputenc 2015/03/17 v1.2c Input encoding file
\inpenc@prehook=\toks14
\inpenc@posthook=\toks15

(/usr/local/texlive/2017/texmf-dist/tex/latex/ucs/utf8x.def
File: utf8x.def 2004/10/17 UCS: Input encoding UTF-8
))
(/usr/local/texlive/2017/texmf-dist/tex/latex/ucs/ucs.sty
Package: ucs 2013/05/11 v2.2 UCS: Unicode input support

(/usr/local/texlive/2017/texmf-dist/tex/latex/ucs/data/uni-global.def
File: uni-global.def 2013/05/13 UCS: Unicode global data
)
\uc@secondtry=\count88
\uc@combtoks=\toks16
\uc@combtoksb=\toks17
\uc@temptokena=\toks18
)
(/usr/local/texlive/2017/texmf-dist/tex/latex/cmap/cmap.sty
Package: cmap 2008/03/06 v1.0h CMap support: searchable PDF
)
(/usr/local/texlive/2017/texmf-dist/tex/latex/base/fontenc.sty
Package: fontenc 2017/04/05 v2.0i Standard LaTeX package

(/usr/local/texlive/2017/texmf-dist/tex/latex/base/t1enc.def
File: t1enc.def 2017/04/05 v2.0i Standard LaTeX file
LaTeX Font Info:    Redeclaring font encoding T1 on input line 48.
)<<t1.cmap>>)
(/usr/local/texlive/2017/texmf-dist/tex/latex/amsmath/amsmath.sty
Package: amsmath 2016/11/05 v2.16a AMS math features
\@mathmargin=\skip43

For additional information on amsmath, use the `?' option.
(/usr/local/texlive/2017/texmf-dist/tex/latex/amsmath/amstext.sty
Package: amstext 2000/06/29 v2.01 AMS text

(/usr/local/texlive/2017/texmf-dist/tex/latex/amsmath/amsgen.sty
File: amsgen.sty 1999/11/30 v2.0 generic functions
\@emptytoks=\toks19
\ex@=\dimen103
))
(/usr/local/texlive/2017/texmf-dist/tex/latex/amsmath/amsbsy.sty
Package: amsbsy 1999/11/29 v1.2d Bold Symbols
\pmbraise@=\dimen104
)
(/usr/local/texlive/2017/texmf-dist/tex/latex/amsmath/amsopn.sty
Package: amsopn 2016/03/08 v2.02 operator names
)
\inf@bad=\count89
LaTeX Info: Redefining \frac on input line 213.
\uproot@=\count90
\leftroot@=\count91
LaTeX Info: Redefining \overline on input line 375.
\classnum@=\count92
\DOTSCASE@=\count93
LaTeX Info: Redefining \ldots on input line 472.
LaTeX Info: Redefining \dots on input line 475.
LaTeX Info: Redefining \cdots on input line 596.
\Mathstrutbox@=\box26
\strutbox@=\box27
\big@size=\dimen105
LaTeX Font Info:    Redeclaring font encoding OML on input line 712.
LaTeX Font Info:    Redeclaring font encoding OMS on input line 713.
\macc@depth=\count94
\c@MaxMatrixCols=\count95
\dotsspace@=\muskip10
\c@parentequation=\count96
\dspbrk@lvl=\count97
\tag@help=\toks20
\row@=\count98
\column@=\count99
\maxfields@=\count100
\andhelp@=\toks21
\eqnshift@=\dimen106
\alignsep@=\dimen107
\tagshift@=\dimen108
\tagwidth@=\dimen109
\totwidth@=\dimen110
\lineht@=\dimen111
\@envbody=\toks22
\multlinegap=\skip44
\multlinetaggap=\skip45
\mathdisplay@stack=\toks23
LaTeX Info: Redefining \[ on input line 2817.
LaTeX Info: Redefining \] on input line 2818.
)
(/usr/local/texlive/2017/texmf-dist/tex/latex/amsfonts/amssymb.sty
Package: amssymb 2013/01/14 v3.01 AMS font symbols

(/usr/local/texlive/2017/texmf-dist/tex/latex/amsfonts/amsfonts.sty
Package: amsfonts 2013/01/14 v3.01 Basic AMSFonts support
\symAMSa=\mathgroup4
\symAMSb=\mathgroup5
LaTeX Font Info:    Overwriting math alphabet `\mathfrak' in version `bold'
(Font)                  U/euf/m/n --> U/euf/b/n on input line 106.
))
(/usr/local/texlive/2017/texmf-dist/tex/generic/babel/babel.sty
Package: babel 2017/05/19 3.10 The Babel package

(/usr/local/texlive/2017/texmf-dist/tex/generic/babel-english/english.ldf
Language: english 2017/01/24 v3.3q English support from the babel system

(/usr/local/texlive/2017/texmf-dist/tex/generic/babel/babel.def
File: babel.def 2017/05/19 3.10 Babel common definitions
\babel@savecnt=\count101
\U@D=\dimen112
)
\l@canadian = a dialect from \language\l@american 
\l@australian = a dialect from \language\l@british 
\l@newzealand = a dialect from \language\l@british 
))
(/usr/local/texlive/2017/texmf-dist/tex/latex/psnfss/times.sty
Package: times 2005/04/12 PSNFSS-v9.2a (SPQR) 
)
(/usr/local/texlive/2017/texmf-dist/tex/latex/fncychap/fncychap.sty
Package: fncychap 2007/07/30 v1.34 LaTeX package (Revised chapters)
\RW=\skip46
\mylen=\skip47
\myhi=\skip48
\px=\skip49
\py=\skip50
\pyy=\skip51
\pxx=\skip52
\c@AlphaCnt=\count102
\c@AlphaDecCnt=\count103
)
(./sphinx.sty
Package: sphinx 2017/07/24 v1.6.4 LaTeX package (Sphinx markup)

(/usr/local/texlive/2017/texmf-dist/tex/generic/oberdiek/ltxcmds.sty
Package: ltxcmds 2016/05/16 v1.23 LaTeX kernel commands for general use (HO)
)
(/usr/local/texlive/2017/texmf-dist/tex/latex/graphics/graphicx.sty
Package: graphicx 2014/10/28 v1.0g Enhanced LaTeX Graphics (DPC,SPQR)

(/usr/local/texlive/2017/texmf-dist/tex/latex/graphics/keyval.sty
Package: keyval 2014/10/28 v1.15 key=value parser (DPC)
\KV@toks@=\toks24
)
(/usr/local/texlive/2017/texmf-dist/tex/latex/graphics/graphics.sty
Package: graphics 2017/04/14 v1.1b Standard LaTeX Graphics (DPC,SPQR)

(/usr/local/texlive/2017/texmf-dist/tex/latex/graphics/trig.sty
Package: trig 2016/01/03 v1.10 sin cos tan (DPC)
)
(/usr/local/texlive/2017/texmf-dist/tex/latex/graphics-cfg/graphics.cfg
File: graphics.cfg 2016/06/04 v1.11 sample graphics configuration
)
Package graphics Info: Driver file: pdftex.def on input line 99.

(/usr/local/texlive/2017/texmf-dist/tex/latex/graphics-def/pdftex.def
File: pdftex.def 2017/01/12 v0.06k Graphics/color for pdfTeX

(/usr/local/texlive/2017/texmf-dist/tex/generic/oberdiek/infwarerr.sty
Package: infwarerr 2016/05/16 v1.4 Providing info/warning/error messages (HO)
)
\Gread@gobject=\count104
))
\Gin@req@height=\dimen113
\Gin@req@width=\dimen114
)
(/usr/local/texlive/2017/texmf-dist/tex/latex/fancyhdr/fancyhdr.sty
Package: fancyhdr 2016/09/06 3.8 Extensive control of page headers and footers
\fancy@headwidth=\skip53
\f@ncyO@elh=\skip54
\f@ncyO@erh=\skip55
\f@ncyO@olh=\skip56
\f@ncyO@orh=\skip57
\f@ncyO@elf=\skip58
\f@ncyO@erf=\skip59
\f@ncyO@olf=\skip60
\f@ncyO@orf=\skip61
)
(/usr/local/texlive/2017/texmf-dist/tex/latex/base/textcomp.sty
Package: textcomp 2017/04/05 v2.0i Standard LaTeX package
Package textcomp Info: Sub-encoding information:
(textcomp)               5 = only ISO-Adobe without \textcurrency
(textcomp)               4 = 5 + \texteuro
(textcomp)               3 = 4 + \textohm
(textcomp)               2 = 3 + \textestimated + \textcurrency
(textcomp)               1 = TS1 - \textcircled - \t
(textcomp)               0 = TS1 (full)
(textcomp)             Font families with sub-encoding setting implement
(textcomp)             only a restricted character set as indicated.
(textcomp)             Family '?' is the default used for unknown fonts.
(textcomp)             See the documentation for details.
Package textcomp Info: Setting ? sub-encoding to TS1/1 on input line 79.

(/usr/local/texlive/2017/texmf-dist/tex/latex/base/ts1enc.def
File: ts1enc.def 2001/06/05 v3.0e (jk/car/fm) Standard LaTeX file
)
LaTeX Info: Redefining \oldstylenums on input line 334.
Package textcomp Info: Setting cmr sub-encoding to TS1/0 on input line 349.
Package textcomp Info: Setting cmss sub-encoding to TS1/0 on input line 350.
Package textcomp Info: Setting cmtt sub-encoding to TS1/0 on input line 351.
Package textcomp Info: Setting cmvtt sub-encoding to TS1/0 on input line 352.
Package textcomp Info: Setting cmbr sub-encoding to TS1/0 on input line 353.
Package textcomp Info: Setting cmtl sub-encoding to TS1/0 on input line 354.
Package textcomp Info: Setting ccr sub-encoding to TS1/0 on input line 355.
Package textcomp Info: Setting ptm sub-encoding to TS1/4 on input line 356.
Package textcomp Info: Setting pcr sub-encoding to TS1/4 on input line 357.
Package textcomp Info: Setting phv sub-encoding to TS1/4 on input line 358.
Package textcomp Info: Setting ppl sub-encoding to TS1/3 on input line 359.
Package textcomp Info: Setting pag sub-encoding to TS1/4 on input line 360.
Package textcomp Info: Setting pbk sub-encoding to TS1/4 on input line 361.
Package textcomp Info: Setting pnc sub-encoding to TS1/4 on input line 362.
Package textcomp Info: Setting pzc sub-encoding to TS1/4 on input line 363.
Package textcomp Info: Setting bch sub-encoding to TS1/4 on input line 364.
Package textcomp Info: Setting put sub-encoding to TS1/5 on input line 365.
Package textcomp Info: Setting uag sub-encoding to TS1/5 on input line 366.
Package textcomp Info: Setting ugq sub-encoding to TS1/5 on input line 367.
Package textcomp Info: Setting ul8 sub-encoding to TS1/4 on input line 368.
Package textcomp Info: Setting ul9 sub-encoding to TS1/4 on input line 369.
Package textcomp Info: Setting augie sub-encoding to TS1/5 on input line 370.
Package textcomp Info: Setting dayrom sub-encoding to TS1/3 on input line 371.
Package textcomp Info: Setting dayroms sub-encoding to TS1/3 on input line 372.

Package textcomp Info: Setting pxr sub-encoding to TS1/0 on input line 373.
Package textcomp Info: Setting pxss sub-encoding to TS1/0 on input line 374.
Package textcomp Info: Setting pxtt sub-encoding to TS1/0 on input line 375.
Package textcomp Info: Setting txr sub-encoding to TS1/0 on input line 376.
Package textcomp Info: Setting txss sub-encoding to TS1/0 on input line 377.
Package textcomp Info: Setting txtt sub-encoding to TS1/0 on input line 378.
Package textcomp Info: Setting lmr sub-encoding to TS1/0 on input line 379.
Package textcomp Info: Setting lmdh sub-encoding to TS1/0 on input line 380.
Package textcomp Info: Setting lmss sub-encoding to TS1/0 on input line 381.
Package textcomp Info: Setting lmssq sub-encoding to TS1/0 on input line 382.
Package textcomp Info: Setting lmvtt sub-encoding to TS1/0 on input line 383.
Package textcomp Info: Setting lmtt sub-encoding to TS1/0 on input line 384.
Package textcomp Info: Setting qhv sub-encoding to TS1/0 on input line 385.
Package textcomp Info: Setting qag sub-encoding to TS1/0 on input line 386.
Package textcomp Info: Setting qbk sub-encoding to TS1/0 on input line 387.
Package textcomp Info: Setting qcr sub-encoding to TS1/0 on input line 388.
Package textcomp Info: Setting qcs sub-encoding to TS1/0 on input line 389.
Package textcomp Info: Setting qpl sub-encoding to TS1/0 on input line 390.
Package textcomp Info: Setting qtm sub-encoding to TS1/0 on input line 391.
Package textcomp Info: Setting qzc sub-encoding to TS1/0 on input line 392.
Package textcomp Info: Setting qhvc sub-encoding to TS1/0 on input line 393.
Package textcomp Info: Setting futs sub-encoding to TS1/4 on input line 394.
Package textcomp Info: Setting futx sub-encoding to TS1/4 on input line 395.
Package textcomp Info: Setting futj sub-encoding to TS1/4 on input line 396.
Package textcomp Info: Setting hlh sub-encoding to TS1/3 on input line 397.
Package textcomp Info: Setting hls sub-encoding to TS1/3 on input line 398.
Package textcomp Info: Setting hlst sub-encoding to TS1/3 on input line 399.
Package textcomp Info: Setting hlct sub-encoding to TS1/5 on input line 400.
Package textcomp Info: Setting hlx sub-encoding to TS1/5 on input line 401.
Package textcomp Info: Setting hlce sub-encoding to TS1/5 on input line 402.
Package textcomp Info: Setting hlcn sub-encoding to TS1/5 on input line 403.
Package textcomp Info: Setting hlcw sub-encoding to TS1/5 on input line 404.
Package textcomp Info: Setting hlcf sub-encoding to TS1/5 on input line 405.
Package textcomp Info: Setting pplx sub-encoding to TS1/3 on input line 406.
Package textcomp Info: Setting pplj sub-encoding to TS1/3 on input line 407.
Package textcomp Info: Setting ptmx sub-encoding to TS1/4 on input line 408.
Package textcomp Info: Setting ptmj sub-encoding to TS1/4 on input line 409.
)
(/usr/local/texlive/2017/texmf-dist/tex/latex/titlesec/titlesec.sty
Package: titlesec 2016/03/21 v2.10.2 Sectioning titles
\ttl@box=\box28
\beforetitleunit=\skip62
\aftertitleunit=\skip63
\ttl@plus=\dimen115
\ttl@minus=\dimen116
\ttl@toksa=\toks25
\titlewidth=\dimen117
\titlewidthlast=\dimen118
\titlewidthfirst=\dimen119
)
(/usr/local/texlive/2017/texmf-dist/tex/latex/tabulary/tabulary.sty
Package: tabulary 2014/06/11 v0.10 tabulary package (DPC)

(/usr/local/texlive/2017/texmf-dist/tex/latex/tools/array.sty
Package: array 2016/10/06 v2.4d Tabular extension package (FMi)
\col@sep=\dimen120
\extrarowheight=\dimen121
\NC@list=\toks26
\extratabsurround=\skip64
\backup@length=\skip65
)
\TY@count=\count105
\TY@linewidth=\dimen122
\tymin=\dimen123
\tymax=\dimen124
\TY@tablewidth=\dimen125
)
(/usr/local/texlive/2017/texmf-dist/tex/latex/tools/longtable.sty
Package: longtable 2014/10/28 v4.11 Multi-page Table package (DPC)
\LTleft=\skip66
\LTright=\skip67
\LTpre=\skip68
\LTpost=\skip69
\LTchunksize=\count106
\LTcapwidth=\dimen126
\LT@head=\box29
\LT@firsthead=\box30
\LT@foot=\box31
\LT@lastfoot=\box32
\LT@cols=\count107
\LT@rows=\count108
\c@LT@tables=\count109
\c@LT@chunks=\count110
\LT@p@ftn=\toks27
)
(/usr/local/texlive/2017/texmf-dist/tex/latex/varwidth/varwidth.sty
Package: varwidth 2009/03/30 ver 0.92;  Variable-width minipages
\@vwid@box=\box33
\sift@deathcycles=\count111
\@vwid@loff=\dimen127
\@vwid@roff=\dimen128
)
(./sphinxmulticell.sty
Package: sphinxmulticell 2017/02/23 v1.6 better span rows and columns of a tabl
e (Sphinx team)
\sphinx@TY@tablewidth=\dimen129
)
(/usr/local/texlive/2017/texmf-dist/tex/latex/base/makeidx.sty
Package: makeidx 2014/09/29 v1.0m Standard LaTeX package
)
(/usr/local/texlive/2017/texmf-dist/tex/latex/framed/framed.sty
Package: framed 2011/10/22 v 0.96: framed or shaded text with page breaks
\OuterFrameSep=\skip70
\fb@frw=\dimen130
\fb@frh=\dimen131
\FrameRule=\dimen132
\FrameSep=\dimen133
)
(/usr/local/texlive/2017/texmf-dist/tex/latex/xcolor/xcolor.sty
Package: xcolor 2016/05/11 v2.12 LaTeX color extensions (UK)

(/usr/local/texlive/2017/texmf-dist/tex/latex/graphics-cfg/color.cfg
File: color.cfg 2016/01/02 v1.6 sample color configuration
)
Package xcolor Info: Driver file: pdftex.def on input line 225.
Package xcolor Info: Model `cmy' substituted by `cmy0' on input line 1348.
Package xcolor Info: Model `hsb' substituted by `rgb' on input line 1352.
Package xcolor Info: Model `RGB' extended on input line 1364.
Package xcolor Info: Model `HTML' substituted by `rgb' on input line 1366.
Package xcolor Info: Model `Hsb' substituted by `hsb' on input line 1367.
Package xcolor Info: Model `tHsb' substituted by `hsb' on input line 1368.
Package xcolor Info: Model `HSB' substituted by `hsb' on input line 1369.
Package xcolor Info: Model `Gray' substituted by `gray' on input line 1370.
Package xcolor Info: Model `wave' substituted by `hsb' on input line 1371.
)
(/usr/local/texlive/2017/texmf-dist/tex/latex/fancyvrb/fancyvrb.sty
Package: fancyvrb 2008/02/07

Style option: `fancyvrb' v2.7a, with DG/SPQR fixes, and firstline=lastline fix 
<2008/02/07> (tvz)
\FV@CodeLineNo=\count112
\FV@InFile=\read1
\FV@TabBox=\box34
\c@FancyVerbLine=\count113
\FV@StepNumber=\count114
\FV@OutFile=\write3
) (./footnotehyper-sphinx.sty
Package: footnotehyper-sphinx 2017/03/07 v1.6 hyperref aware footnote.sty for s
phinx (JFB)
\FNH@notes=\box35
\FNH@width=\dimen134
)
(/usr/local/texlive/2017/texmf-dist/tex/latex/float/float.sty
Package: float 2001/11/08 v1.3d Float enhancements (AL)
\c@float@type=\count115
\float@exts=\toks28
\float@box=\box36
\@float@everytoks=\toks29
\@floatcapt=\box37
)
(/usr/local/texlive/2017/texmf-dist/tex/latex/wrapfig/wrapfig.sty
\wrapoverhang=\dimen135
\WF@size=\dimen136
\c@WF@wrappedlines=\count116
\WF@box=\box38
\WF@everypar=\toks30
Package: wrapfig 2003/01/31  v 3.6
)
(/usr/local/texlive/2017/texmf-dist/tex/latex/parskip/parskip.sty
Package: parskip 2001/04/09 non-zero parskip adjustments
)
(/usr/local/texlive/2017/texmf-dist/tex/latex/base/alltt.sty
Package: alltt 1997/06/16 v2.0g defines alltt environment
)
(/usr/local/texlive/2017/texmf-dist/tex/latex/upquote/upquote.sty
Package: upquote 2012/04/19 v1.3 upright-quote and grave-accent glyphs in verba
tim
)
(/usr/local/texlive/2017/texmf-dist/tex/latex/capt-of/capt-of.sty
Package: capt-of 2009/12/29 v0.2 standard captions outside of floats
)
(/usr/local/texlive/2017/texmf-dist/tex/latex/needspace/needspace.sty
Package: needspace 2010/09/12 v1.3d reserve vertical space
)
(./sphinxhighlight.sty
Package: sphinxhighlight 2016/05/29 stylesheet for highlighting with pygments
)
(/usr/local/texlive/2017/texmf-dist/tex/latex/oberdiek/kvoptions.sty
Package: kvoptions 2016/05/16 v3.12 Key value format for package options (HO)

(/usr/local/texlive/2017/texmf-dist/tex/generic/oberdiek/kvsetkeys.sty
Package: kvsetkeys 2016/05/16 v1.17 Key value parser (HO)

(/usr/local/texlive/2017/texmf-dist/tex/generic/oberdiek/etexcmds.sty
Package: etexcmds 2016/05/16 v1.6 Avoid name clashes with e-TeX commands (HO)

(/usr/local/texlive/2017/texmf-dist/tex/generic/oberdiek/ifluatex.sty
Package: ifluatex 2016/05/16 v1.4 Provides the ifluatex switch (HO)
Package ifluatex Info: LuaTeX not detected.
)
Package etexcmds Info: Could not find \expanded.
(etexcmds)             That can mean that you are not using pdfTeX 1.50 or
(etexcmds)             that some package has redefined \expanded.
(etexcmds)             In the latter case, load this package earlier.
)))
\sphinxverbatimsep=\dimen137
\sphinxverbatimborder=\dimen138
\sphinxshadowsep=\dimen139
\sphinxshadowsize=\dimen140
\sphinxshadowrule=\dimen141
\spx@notice@border=\dimen142
\spx@image@box=\box39
\c@literalblock=\count117
\spx@Verbatim@TitleBox=\box40
\sphinxcontinuationbox=\box41
\sphinxvisiblespacebox=\box42
\py@argswidth=\skip71
\lineblockindentation=\skip72
\DUlineblockindent=\skip73
)
(/usr/local/texlive/2017/texmf-dist/tex/latex/geometry/geometry.sty
Package: geometry 2010/09/12 v5.6 Page Geometry

(/usr/local/texlive/2017/texmf-dist/tex/generic/oberdiek/ifpdf.sty
Package: ifpdf 2017/03/15 v3.2 Provides the ifpdf switch
)
(/usr/local/texlive/2017/texmf-dist/tex/generic/oberdiek/ifvtex.sty
Package: ifvtex 2016/05/16 v1.6 Detect VTeX and its facilities (HO)
Package ifvtex Info: VTeX not detected.
)
(/usr/local/texlive/2017/texmf-dist/tex/generic/ifxetex/ifxetex.sty
Package: ifxetex 2010/09/12 v0.6 Provides ifxetex conditional
)
\Gm@cnth=\count118
\Gm@cntv=\count119
\c@Gm@tempcnt=\count120
\Gm@bindingoffset=\dimen143
\Gm@wd@mp=\dimen144
\Gm@odd@mp=\dimen145
\Gm@even@mp=\dimen146
\Gm@layoutwidth=\dimen147
\Gm@layoutheight=\dimen148
\Gm@layouthoffset=\dimen149
\Gm@layoutvoffset=\dimen150
\Gm@dimlist=\toks31
)
(/usr/local/texlive/2017/texmf-dist/tex/latex/hyperref/hyperref.sty
Package: hyperref 2017/03/14 v6.85a Hypertext links for LaTeX

(/usr/local/texlive/2017/texmf-dist/tex/generic/oberdiek/hobsub-hyperref.sty
Package: hobsub-hyperref 2016/05/16 v1.14 Bundle oberdiek, subset hyperref (HO)


(/usr/local/texlive/2017/texmf-dist/tex/generic/oberdiek/hobsub-generic.sty
Package: hobsub-generic 2016/05/16 v1.14 Bundle oberdiek, subset generic (HO)
Package: hobsub 2016/05/16 v1.14 Construct package bundles (HO)
Package hobsub Info: Skipping package `infwarerr' (already loaded).
Package hobsub Info: Skipping package `ltxcmds' (already loaded).
Package hobsub Info: Skipping package `ifluatex' (already loaded).
Package hobsub Info: Skipping package `ifvtex' (already loaded).
Package: intcalc 2016/05/16 v1.2 Expandable calculations with integers (HO)
Package hobsub Info: Skipping package `ifpdf' (already loaded).
Package hobsub Info: Skipping package `etexcmds' (already loaded).
Package hobsub Info: Skipping package `kvsetkeys' (already loaded).
Package: kvdefinekeys 2016/05/16 v1.4 Define keys (HO)
Package: pdftexcmds 2017/03/19 v0.25 Utility functions of pdfTeX for LuaTeX (HO
)
Package pdftexcmds Info: LuaTeX not detected.
Package pdftexcmds Info: \pdf@primitive is available.
Package pdftexcmds Info: \pdf@ifprimitive is available.
Package pdftexcmds Info: \pdfdraftmode found.
Package: pdfescape 2016/05/16 v1.14 Implements pdfTeX's escape features (HO)
Package: bigintcalc 2016/05/16 v1.4 Expandable calculations on big integers (HO
)
Package: bitset 2016/05/16 v1.2 Handle bit-vector datatype (HO)
Package: uniquecounter 2016/05/16 v1.3 Provide unlimited unique counter (HO)
)
Package hobsub Info: Skipping package `hobsub' (already loaded).
Package: letltxmacro 2016/05/16 v1.5 Let assignment for LaTeX macros (HO)
Package: hopatch 2016/05/16 v1.3 Wrapper for package hooks (HO)
Package: xcolor-patch 2016/05/16 xcolor patch
Package: atveryend 2016/05/16 v1.9 Hooks at the very end of document (HO)
Package atveryend Info: \enddocument detected (standard20110627).
Package: atbegshi 2016/06/09 v1.18 At begin shipout hook (HO)
Package: refcount 2016/05/16 v3.5 Data extraction from label references (HO)
Package: hycolor 2016/05/16 v1.8 Color options for hyperref/bookmark (HO)
)
(/usr/local/texlive/2017/texmf-dist/tex/latex/oberdiek/auxhook.sty
Package: auxhook 2016/05/16 v1.4 Hooks for auxiliary files (HO)
)
\@linkdim=\dimen151
\Hy@linkcounter=\count121
\Hy@pagecounter=\count122

(/usr/local/texlive/2017/texmf-dist/tex/latex/hyperref/pd1enc.def
File: pd1enc.def 2017/03/14 v6.85a Hyperref: PDFDocEncoding definition (HO)
)
\Hy@SavedSpaceFactor=\count123

(/usr/local/texlive/2017/texmf-dist/tex/latex/latexconfig/hyperref.cfg
File: hyperref.cfg 2002/06/06 v1.2 hyperref configuration of TeXLive
)
Package hyperref Info: Option `unicode' set `true' on input line 4374.

(/usr/local/texlive/2017/texmf-dist/tex/latex/hyperref/puenc.def
File: puenc.def 2017/03/14 v6.85a Hyperref: PDF Unicode definition (HO)
)
Package hyperref Info: Option `colorlinks' set `true' on input line 4374.
Package hyperref Info: Option `breaklinks' set `true' on input line 4374.
Package hyperref Info: Hyper figures OFF on input line 4498.
Package hyperref Info: Link nesting OFF on input line 4503.
Package hyperref Info: Hyper index ON on input line 4506.
Package hyperref Info: Plain pages OFF on input line 4513.
Package hyperref Info: Backreferencing OFF on input line 4518.
Package hyperref Info: Implicit mode ON; LaTeX internals redefined.
Package hyperref Info: Bookmarks ON on input line 4751.
\c@Hy@tempcnt=\count124

(/usr/local/texlive/2017/texmf-dist/tex/latex/url/url.sty
\Urlmuskip=\muskip11
Package: url 2013/09/16  ver 3.4  Verb mode for urls, etc.
)
LaTeX Info: Redefining \url on input line 5104.
\XeTeXLinkMargin=\dimen152
\Fld@menulength=\count125
\Field@Width=\dimen153
\Fld@charsize=\dimen154
Package hyperref Info: Hyper figures OFF on input line 6358.
Package hyperref Info: Link nesting OFF on input line 6363.
Package hyperref Info: Hyper index ON on input line 6366.
Package hyperref Info: backreferencing OFF on input line 6373.
Package hyperref Info: Link coloring ON on input line 6376.
Package hyperref Info: Link coloring with OCG OFF on input line 6383.
Package hyperref Info: PDF/A mode OFF on input line 6388.
LaTeX Info: Redefining \ref on input line 6428.
LaTeX Info: Redefining \pageref on input line 6432.
\Hy@abspage=\count126
\c@Item=\count127
\c@Hfootnote=\count128
)

Package hyperref Message: Driver (autodetected): hpdftex.

(/usr/local/texlive/2017/texmf-dist/tex/latex/hyperref/hpdftex.def
File: hpdftex.def 2017/03/14 v6.85a Hyperref driver for pdfTeX
\Fld@listcount=\count129
\c@bookmark@seq@number=\count130

(/usr/local/texlive/2017/texmf-dist/tex/latex/oberdiek/rerunfilecheck.sty
Package: rerunfilecheck 2016/05/16 v1.8 Rerun checks for auxiliary files (HO)
Package uniquecounter Info: New unique counter `rerunfilecheck' on input line 2
82.
)
\Hy@SectionHShift=\skip74
)
(/usr/local/texlive/2017/texmf-dist/tex/latex/oberdiek/hypcap.sty
Package: hypcap 2016/05/16 v1.12 Adjusting the anchors of captions (HO)
)
(/usr/local/texlive/2017/texmf-dist/tex/latex/enumitem/enumitem.sty
Package: enumitem 2011/09/28 v3.5.2 Customized lists
\labelindent=\skip75
\enit@outerparindent=\dimen155
\enit@toks=\toks32
\enit@inbox=\box43
\enitdp@description=\count131
)
\@indexfile=\write4
\openout4 = `gsg.idx'.


Writing index file gsg.idx
(./gsg.aux)
\openout1 = `gsg.aux'.

LaTeX Font Info:    Checking defaults for OML/cmm/m/it on input line 48.
LaTeX Font Info:    ... okay on input line 48.
LaTeX Font Info:    Checking defaults for T1/cmr/m/n on input line 48.
LaTeX Font Info:    ... okay on input line 48.
LaTeX Font Info:    Checking defaults for OT1/cmr/m/n on input line 48.
LaTeX Font Info:    ... okay on input line 48.
LaTeX Font Info:    Checking defaults for OMS/cmsy/m/n on input line 48.
LaTeX Font Info:    ... okay on input line 48.
LaTeX Font Info:    Checking defaults for OMX/cmex/m/n on input line 48.
LaTeX Font Info:    ... okay on input line 48.
LaTeX Font Info:    Checking defaults for U/cmr/m/n on input line 48.
LaTeX Font Info:    ... okay on input line 48.
LaTeX Font Info:    Checking defaults for TS1/cmr/m/n on input line 48.
LaTeX Font Info:    Try loading font information for TS1+cmr on input line 48.
 (/usr/local/texlive/2017/texmf-dist/tex/latex/base/ts1cmr.fd
File: ts1cmr.fd 2014/09/29 v2.5h Standard LaTeX font definitions
)
LaTeX Font Info:    ... okay on input line 48.
LaTeX Font Info:    Checking defaults for PD1/pdf/m/n on input line 48.
LaTeX Font Info:    ... okay on input line 48.
LaTeX Font Info:    Checking defaults for PU/pdf/m/n on input line 48.
LaTeX Font Info:    ... okay on input line 48.
LaTeX Font Info:    Try loading font information for T1+ptm on input line 48.

(/usr/local/texlive/2017/texmf-dist/tex/latex/psnfss/t1ptm.fd
File: t1ptm.fd 2001/06/04 font definitions for T1/ptm.
)
(/usr/local/texlive/2017/texmf-dist/tex/latex/ucs/ucsencs.def
File: ucsencs.def 2011/01/21 Fixes to fontencodings LGR, T3
)
(/usr/local/texlive/2017/texmf-dist/tex/context/base/mkii/supp-pdf.mkii
[Loading MPS to PDF converter (version 2006.09.02).]
\scratchcounter=\count132
\scratchdimen=\dimen156
\scratchbox=\box44
\nofMPsegments=\count133
\nofMParguments=\count134
\everyMPshowfont=\toks33
\MPscratchCnt=\count135
\MPscratchDim=\dimen157
\MPnumerator=\count136
\makeMPintoPDFobject=\count137
\everyMPtoPDFconversion=\toks34
) (/usr/local/texlive/2017/texmf-dist/tex/latex/oberdiek/epstopdf-base.sty
Package: epstopdf-base 2016/05/15 v2.6 Base part for package epstopdf

(/usr/local/texlive/2017/texmf-dist/tex/latex/oberdiek/grfext.sty
Package: grfext 2016/05/16 v1.2 Manage graphics extensions (HO)
)
Package epstopdf-base Info: Redefining graphics rule for `.eps' on input line 4
38.
Package grfext Info: Graphics extension search list:
(grfext)             [.png,.pdf,.jpg,.mps,.jpeg,.jbig2,.jb2,.PNG,.PDF,.JPG,.JPE
G,.JBIG2,.JB2,.eps]
(grfext)             \AppendGraphicsExtensions on input line 456.

(/usr/local/texlive/2017/texmf-dist/tex/latex/latexconfig/epstopdf-sys.cfg
File: epstopdf-sys.cfg 2010/07/13 v1.3 Configuration of (r)epstopdf for TeX Liv
e
))
*geometry* driver: auto-detecting
*geometry* detected driver: pdftex
*geometry* verbose mode - [ preamble ] result:
* driver: pdftex
* paper: letterpaper
* layout: <same size as paper>
* layoutoffset:(h,v)=(0.0pt,0.0pt)
* modes: twoside 
* h-part:(L,W,R)=(72.26999pt, 469.75502pt, 72.26999pt)
* v-part:(T,H,B)=(72.26999pt, 650.43001pt, 72.26999pt)
* \paperwidth=614.295pt
* \paperheight=794.96999pt
* \textwidth=469.75502pt
* \textheight=650.43001pt
* \oddsidemargin=0.0pt
* \evensidemargin=0.0pt
* \topmargin=-37.0pt
* \headheight=12.0pt
* \headsep=25.0pt
* \topskip=10.0pt
* \footskip=30.0pt
* \marginparwidth=36.135pt
* \marginparsep=11.0pt
* \columnsep=10.0pt
* \skip\footins=9.0pt plus 4.0pt minus 2.0pt
* \hoffset=0.0pt
* \voffset=0.0pt
* \mag=1000
* \@twocolumnfalse
* \@twosidetrue
* \@mparswitchtrue
* \@reversemarginfalse
* (1in=72.27pt=25.4mm, 1cm=28.453pt)

\AtBeginShipoutBox=\box45
Package hyperref Info: Link coloring ON on input line 48.
(/usr/local/texlive/2017/texmf-dist/tex/latex/hyperref/nameref.sty
Package: nameref 2016/05/21 v2.44 Cross-referencing by name of section

(/usr/local/texlive/2017/texmf-dist/tex/generic/oberdiek/gettitlestring.sty
Package: gettitlestring 2016/05/16 v1.5 Cleanup title references (HO)
)
\c@section@level=\count138
)
LaTeX Info: Redefining \ref on input line 48.
LaTeX Info: Redefining \pageref on input line 48.
LaTeX Info: Redefining \nameref on input line 48.

(./gsg.out) (./gsg.out)
\@outlinefile=\write5
\openout5 = `gsg.out'.

Package hyperref Info: Option `pageanchor' set `false' on input line 51.
 <loom.png, id=93, 115.43124pt x 30.1125pt>
LaTeX Font Info:    Try loading font information for T1+pcr on input line 51.

(/usr/local/texlive/2017/texmf-dist/tex/latex/psnfss/t1pcr.fd
File: t1pcr.fd 2001/06/04 font definitions for T1/pcr.
)
File: loom.png Graphic file (type png)
 <use loom.png>
Package pdftex.def Info: loom.png used on input line 51.
(pdftex.def)             Requested size: 115.43095pt x 30.11241pt.
LaTeX Font Info:    Try loading font information for T1+phv on input line 51.

(/usr/local/texlive/2017/texmf-dist/tex/latex/psnfss/t1phv.fd
File: t1phv.fd 2001/06/04 scalable font definitions for T1/phv.
)
LaTeX Font Info:    Font shape `T1/phv/bx/n' in size <10> not available
(Font)              Font shape `T1/phv/b/n' tried instead on input line 51.
LaTeX Font Info:    Font shape `T1/phv/bx/n' in size <24.88> not available
(Font)              Font shape `T1/phv/b/n' tried instead on input line 51.
LaTeX Font Info:    Font shape `T1/phv/bx/it' in size <10> not available
(Font)              Font shape `T1/phv/b/it' tried instead on input line 51.
LaTeX Font Info:    Font shape `T1/phv/b/it' in size <10> not available
(Font)              Font shape `T1/phv/b/sl' tried instead on input line 51.
LaTeX Font Info:    Font shape `T1/phv/bx/it' in size <17.28> not available
(Font)              Font shape `T1/phv/b/it' tried instead on input line 51.
LaTeX Font Info:    Font shape `T1/phv/b/it' in size <17.28> not available
(Font)              Font shape `T1/phv/b/sl' tried instead on input line 51.
LaTeX Font Info:    Font shape `T1/phv/bx/n' in size <17.28> not available
(Font)              Font shape `T1/phv/b/n' tried instead on input line 51.
<<ot1.cmap>><<oml.cmap>><<oms.cmap>><<omx.cmap>>
LaTeX Font Info:    Try loading font information for U+msa on input line 51.

(/usr/local/texlive/2017/texmf-dist/tex/latex/amsfonts/umsa.fd
File: umsa.fd 2013/01/14 v3.01 AMS symbols A
)
LaTeX Font Info:    Try loading font information for U+msb on input line 51.

(/usr/local/texlive/2017/texmf-dist/tex/latex/amsfonts/umsb.fd
File: umsb.fd 2013/01/14 v3.01 AMS symbols B
)
LaTeX Font Info:    Font shape `T1/phv/bx/n' in size <12> not available
(Font)              Font shape `T1/phv/b/n' tried instead on input line 51.
 [1

{/usr/local/texlive/2017/texmf-var/fonts/map/pdftex/updmap/pdftex.map} <./loom.
png>]
[2

]
LaTeX Font Info:    Font shape `T1/phv/bx/n' in size <14.4> not available
(Font)              Font shape `T1/phv/b/n' tried instead on input line 51.
 (./gsg.toc
LaTeX Font Info:    Font shape `T1/ptm/bx/n' in size <10> not available
(Font)              Font shape `T1/ptm/b/n' tried instead on input line 2.
)
\tf@toc=\write6
\openout6 = `gsg.toc'.

 [1

] [2

]
LaTeX Font Info:    Try loading font information for TS1+ptm on input line 57.

(/usr/local/texlive/2017/texmf-dist/tex/latex/psnfss/ts1ptm.fd
File: ts1ptm.fd 2001/06/04 font definitions for TS1/ptm.
)
(/usr/local/texlive/2017/texmf-dist/tex/latex/ucs/data/uni-32.def
File: uni-32.def 2013/05/13 UCS: Unicode data U+2000..U+20FF
) [1] [2

]
Chapter 1.
[3] [4

]
Chapter 2.
<MCDMP-HL.png, id=208, 596.2275pt x 371.3875pt>
File: MCDMP-HL.png Graphic file (type png)
 <use MCDMP-HL.png>
Package pdftex.def Info: MCDMP-HL.png used on input line 183.
(pdftex.def)             Requested size: 447.16953pt x 278.53993pt.
 [5]
<mcdm-vs-traditional-data-mngt.png, id=219, 1157.32375pt x 395.4775pt>
File: mcdm-vs-traditional-data-mngt.png Graphic file (type png)

<use mcdm-vs-traditional-data-mngt.png>
Package pdftex.def Info: mcdm-vs-traditional-data-mngt.png used on input line 2
20.
(pdftex.def)             Requested size: 867.99069pt x 296.60739pt.


LaTeX Warning: File `{_static/mcdmp-protect-to-monetize-value}.png' not found o
n input line 229.


LaTeX Warning: File `{_static/mcdmp-protect-to-monetize-value}.png' not found o
n input line 229.


! Package pdftex.def Error: File `_static/mcdmp-protect-to-monetize-value.png' 
not found.

See the pdftex.def package documentation for explanation.
Type  H <return>  for immediate help.
 ...                                              
                                                  
l.229 ...tic/mcdmp-protect-to-monetize-value}.png}
                                                  
? 
[6 <./MCDMP-HL.png> <./mcdm-vs-traditional-data-mngt.png>] [7] [8]

LaTeX Warning: File `{_static/mcdmp-usage-workflow}.png' not found on input lin
e 424.


LaTeX Warning: File `{_static/mcdmp-usage-workflow}.png' not found on input lin
e 424.


! Package pdftex.def Error: File `_static/mcdmp-usage-workflow.png' not found.

See the pdftex.def package documentation for explanation.
Type  H <return>  for immediate help.
 ...                                              
                                                  
l.424 ...0.75]{{_static/mcdmp-usage-workflow}.png}
                                                  
? 
[9] [10

]
Chapter 3.
<5-user-personas.png, id=260, 351.3125pt x 246.42062pt>
File: 5-user-personas.png Graphic file (type png)

<use 5-user-personas.png>
Package pdftex.def Info: 5-user-personas.png used on input line 459.
(pdftex.def)             Requested size: 263.48372pt x 184.81499pt.
 [11] [12 <./5-user-personas.png>]
Chapter 4.
<how-mcdmp-works-example1.png, id=272, 828.09375pt x 685.56125pt>
File: how-mcdmp-works-example1.png Graphic file (type png)

<use how-mcdmp-works-example1.png>
Package pdftex.def Info: how-mcdmp-works-example1.png used on input line 482.
(pdftex.def)             Requested size: 469.75502pt x 388.91194pt.
 [13

] [14 <./how-mcdmp-works-example1.png>]
Chapter 5.
[15

] <Loom-login-start.png, id=298, 1380.15625pt x 815.045pt>
File: Loom-login-start.png Graphic file (type png)

<use Loom-login-start.png>
Package pdftex.def Info: Loom-login-start.png used on input line 608.
(pdftex.def)             Requested size: 690.07645pt x 407.5215pt.

<Loom-change-pwd.png, id=302, 317.185pt x 243.91125pt>
File: Loom-change-pwd.png Graphic file (type png)

<use Loom-change-pwd.png>
Package pdftex.def Info: Loom-change-pwd.png used on input line 636.
(pdftex.def)             Requested size: 158.5921pt x 121.95532pt.
 <LoomUI_LeftNav.png, id=303, 298.11375pt x 714.67pt>
File: LoomUI_LeftNav.png Graphic file (type png)

<use LoomUI_LeftNav.png>
Package pdftex.def Info: LoomUI_LeftNav.png used on input line 648.
(pdftex.def)             Requested size: 149.0565pt x 357.33412pt.

<LoomUI_MainDisplay.png, id=304, 1686.3pt x 720.6925pt>
File: LoomUI_MainDisplay.png Graphic file (type png)

<use LoomUI_MainDisplay.png>
Package pdftex.def Info: LoomUI_MainDisplay.png used on input line 660.
(pdftex.def)             Requested size: 843.14795pt x 360.34537pt.
 [16] [17 <./Loom-login-start.png> <./Loom-change-pwd.png>] [18 <./LoomUI_LeftN
av.png>] [19 <./LoomUI_MainDisplay.png>]
<Dashboard_SummaryBar.png, id=380, 1371.1225pt x 137.51375pt>
File: Dashboard_SummaryBar.png Graphic file (type png)

<use Dashboard_SummaryBar.png>
Package pdftex.def Info: Dashboard_SummaryBar.png used on input line 759.
(pdftex.def)             Requested size: 685.55957pt x 68.7567pt.

Underfull \hbox (badness 10000) in paragraph at lines 868--868
[]\T1/phv/m/n/10 Ten-
 []


Underfull \hbox (badness 10000) in paragraph at lines 868--868
[]\T1/phv/m/n/10 Ap-pli-ca-
 []


Underfull \hbox (badness 10000) in paragraph at lines 868--868
[]\T1/phv/m/n/10 Con-nec-
 []

<Dashboard_Asset_Map.png, id=381, 1353.055pt x 482.80376pt>
File: Dashboard_Asset_Map.png Graphic file (type png)

<use Dashboard_Asset_Map.png>
Package pdftex.def Info: Dashboard_Asset_Map.png used on input line 882.
(pdftex.def)             Requested size: 676.52585pt x 241.40129pt.

Underfull \hbox (badness 10000) in paragraph at lines 967--967
[]\T1/phv/m/n/10 Con-trol
 []


Underfull \hbox (badness 10000) in paragraph at lines 967--967
[]\T1/phv/m/n/10 Con-tent
 []


Underfull \hbox (badness 10000) in paragraph at lines 967--967
[]\T1/ptm/m/n/10 Cus-tomer
 []

[20 <./Dashboard_SummaryBar.png>]
<Dashboard_Platform_Health.png, id=416, 424.58624pt x 510.90875pt>
File: Dashboard_Platform_Health.png Graphic file (type png)

<use Dashboard_Platform_Health.png>
Package pdftex.def Info: Dashboard_Platform_Health.png used on input line 988.
(pdftex.def)             Requested size: 212.2926pt x 255.45375pt.

<Dashboard_Organization.png, id=417, 421.575pt x 457.71pt>
File: Dashboard_Organization.png Graphic file (type png)

<use Dashboard_Organization.png>
Package pdftex.def Info: Dashboard_Organization.png used on input line 1000.
(pdftex.def)             Requested size: 210.78697pt x 228.85445pt.

<Dashboard_Application_Users.png, id=418, 407.5225pt x 449.68pt>
File: Dashboard_Application_Users.png Graphic file (type png)

<use Dashboard_Application_Users.png>
Package pdftex.def Info: Dashboard_Application_Users.png used on input line 101
2.
(pdftex.def)             Requested size: 203.76074pt x 224.83945pt.

<Dashboard_Job_Types.png, id=419, 414.54875pt x 470.75874pt>
File: Dashboard_Job_Types.png Graphic file (type png)

<use Dashboard_Job_Types.png>
Package pdftex.def Info: Dashboard_Job_Types.png used on input line 1024.
(pdftex.def)             Requested size: 207.27386pt x 235.3788pt.

<Dashboard_Recent_Active_Jobs.png, id=420, 418.56375pt x 423.5825pt>
File: Dashboard_Recent_Active_Jobs.png Graphic file (type png)

<use Dashboard_Recent_Active_Jobs.png>
Package pdftex.def Info: Dashboard_Recent_Active_Jobs.png used on input line 10
36.
(pdftex.def)             Requested size: 209.28136pt x 211.79073pt.

<Dashboard_Connectors_By_Location.png, id=421, 887.315pt x 462.72874pt>
File: Dashboard_Connectors_By_Location.png Graphic file (type png)

<use Dashboard_Connectors_By_Location.png>
Package pdftex.def Info: Dashboard_Connectors_By_Location.png used on input lin
e 1048.
(pdftex.def)             Requested size: 443.65642pt x 231.3638pt.

<Dashboard_Connectors_By_Type.png, id=422, 421.575pt x 458.71375pt>
File: Dashboard_Connectors_By_Type.png Graphic file (type png)

<use Dashboard_Connectors_By_Type.png>
Package pdftex.def Info: Dashboard_Connectors_By_Type.png used on input line 10
60.
(pdftex.def)             Requested size: 210.78697pt x 229.35631pt.

Underfull \hbox (badness 10000) in paragraph at lines 1180--1180
[]\T1/phv/m/n/10 Plat-
 []


Underfull \hbox (badness 10000) in paragraph at lines 1180--1180
\T1/phv/m/n/10 form
 []


Underfull \hbox (badness 10000) in paragraph at lines 1180--1180
[]\T1/phv/m/n/10 Or-ga-
 []


Underfull \hbox (badness 10000) in paragraph at lines 1180--1180
\T1/phv/m/n/10 ni-za-
 []


Underfull \hbox (badness 10000) in paragraph at lines 1180--1180
[]\T1/phv/m/n/10 Ap-pli-
 []


Underfull \hbox (badness 10000) in paragraph at lines 1180--1180
\T1/phv/m/n/10 ca-tion
 []


Underfull \hbox (badness 10000) in paragraph at lines 1180--1180
[]\T1/phv/m/n/10 Job
 []


Overfull \hbox (3.74402pt too wide) in paragraph at lines 1180--1180
\T1/phv/m/n/10 Types| 
 []


Underfull \hbox (badness 10000) in paragraph at lines 1180--1180
[]\T1/phv/m/n/10 Re-cent
 []


Underfull \hbox (badness 10000) in paragraph at lines 1180--1180
\T1/phv/m/n/10 Ac-tive
 []


Underfull \hbox (badness 10000) in paragraph at lines 1180--1180
[]\T1/phv/m/n/10 Con-nec-
 []


Underfull \hbox (badness 10000) in paragraph at lines 1180--1180
\T1/phv/m/n/10 tors by
 []


Underfull \hbox (badness 10000) in paragraph at lines 1180--1180
[]\T1/phv/m/n/10 Con-nec-tors
 []


Underfull \hbox (badness 10000) in paragraph at lines 1180--1180
[]\T1/ptm/m/n/10 Plat-
 []


Underfull \hbox (badness 10000) in paragraph at lines 1180--1180
\T1/ptm/m/n/10 form
 []


Underfull \hbox (badness 10000) in paragraph at lines 1180--1180
[]\T1/ptm/m/n/10 Part-ner
 []


Underfull \hbox (badness 10000) in paragraph at lines 1180--1180
[]\T1/ptm/m/n/10 Cus-
 []


Underfull \hbox (badness 10000) in paragraph at lines 1180--1180
\T1/ptm/m/n/10 tomer
 []


Underfull \hbox (badness 10000) in paragraph at lines 1180--1180
[]\T1/ptm/m/n/10 Ten-ant
 []


Underfull \hbox (badness 10000) in paragraph at lines 1180--1180
[]\T1/ptm/m/n/10 Ten-ant
 []

[21 <./Dashboard_Asset_Map.png>] [22 <./Dashboard_Platform_Health.png> <./Dashb
oard_Organization.png>] [23 <./Dashboard_Application_Users.png> <./Dashboard_Jo
b_Types.png>] [24 <./Dashboard_Recent_Active_Jobs.png> <./Dashboard_Connectors_
By_Location.png>] <loom-health-dashboard.png, id=454, 1366.10374pt x 803.0pt>
File: loom-health-dashboard.png Graphic file (type png)

<use loom-health-dashboard.png>
Package pdftex.def Info: loom-health-dashboard.png used on input line 1200.
(pdftex.def)             Requested size: 683.0502pt x 401.49902pt.
 [25 <./Dashboard_Connectors_By_Type.png>]
<loom-organizations.png, id=461, 760.8425pt x 536.0025pt>
File: loom-organizations.png Graphic file (type png)

<use loom-organizations.png>
Package pdftex.def Info: loom-organizations.png used on input line 1247.
(pdftex.def)             Requested size: 570.63048pt x 402.00089pt.
 [26 <./loom-health-dashboard.png>] [27 <./loom-organizations.png>]
<LoomUI_ApplicationUserInterface.png, id=475, 401.5pt x 191.21437pt>
File: LoomUI_ApplicationUserInterface.png Graphic file (type png)

<use LoomUI_ApplicationUserInterface.png>
Package pdftex.def Info: LoomUI_ApplicationUserInterface.png used on input line
 1265.
(pdftex.def)             Requested size: 301.12425pt x 143.41042pt.

<mcdmp_app_switcher.png, id=476, 304.13625pt x 824.07875pt>
File: mcdmp_app_switcher.png Graphic file (type png)

<use mcdmp_app_switcher.png>
Package pdftex.def Info: mcdmp_app_switcher.png used on input line 1279.
(pdftex.def)             Requested size: 152.06775pt x 412.03836pt.
 <loom_sidebar.png, id=477, 305.14pt x 345.29pt>
File: loom_sidebar.png Graphic file (type png)

<use loom_sidebar.png>
Package pdftex.def Info: loom_sidebar.png used on input line 1295.
(pdftex.def)             Requested size: 152.56961pt x 172.64456pt.
 [28 <./LoomUI_ApplicationUserInterface.png>] [29 <./mcdmp_app_switcher.png> <.
/loom_sidebar.png>] [30]
File: 5-user-personas.png Graphic file (type png)
 <use 5-user-personas.png>
Package pdftex.def Info: 5-user-personas.png used on input line 1404.
(pdftex.def)             Requested size: 263.48372pt x 184.81499pt.

[31]
Overfull \hbox (48.54788pt too wide) in alignment at lines 1413--1417
 [] [] [] [] [] [] 
 []


Overfull \hbox (48.54788pt too wide) in alignment at lines 1417--1423
 [] [] [] [] [] [] 
 []


Overfull \hbox (48.54788pt too wide) in alignment at lines 1423--1427
 [] [] [] [] [] [] 
 []


Overfull \hbox (48.54788pt too wide) in alignment at lines 1427--1429
 [] [] [] [] [] [] 
 []

(/usr/local/texlive/2017/texmf-dist/tex/latex/ucs/data/uni-39.def
File: uni-39.def 2013/05/13 UCS: Unicode data U+2700..U+27FF
)
(/usr/local/texlive/2017/texmf-dist/tex/latex/ucs/data/uninames.dat
File: uninames.dat 2013/05/13 UCS: Unicode character names, compressed
)
(/usr/local/texlive/2017/texmf-dist/tex/latex/ucs/data/uni-39.def
File: uni-39.def 2013/05/13 UCS: Unicode data U+2700..U+27FF
)

! Package ucs Error: Unknown Unicode character 10005 = U+2715,
(ucs)                possibly declared in uni-39.def.
(ucs)                Type H to see if it is available with options.

See the ucs package documentation for explanation.
Type  H <return>  for immediate help.
 ...                                              
                                                  
l.1457 ✕
          
? 
LaTeX Font Info:    Try loading font information for OT1+pcr on input line 1457
.
(/usr/local/texlive/2017/texmf-dist/tex/latex/psnfss/ot1pcr.fd
File: ot1pcr.fd 2001/06/04 font definitions for OT1/pcr.
)<<ot1tt.cmap>>
(/usr/local/texlive/2017/texmf-dist/tex/latex/ucs/data/uninames.dat
File: uninames.dat 2013/05/13 UCS: Unicode character names, compressed
)
(/usr/local/texlive/2017/texmf-dist/tex/latex/ucs/data/uni-39.def
File: uni-39.def 2013/05/13 UCS: Unicode data U+2700..U+27FF
)

! Package ucs Error: Unknown Unicode character 10004 = U+2714,
(ucs)                possibly declared in uni-39.def.
(ucs)                Type H to see if it is available with options.

See the ucs package documentation for explanation.
Type  H <return>  for immediate help.
 ...                                              
                                                  
l.1459 ✔
          
? 

Package ucs Warning: Unknown character 10004 = 0x2714 appeared again. on input 
line 1461.


Package ucs Warning: Unknown character 10005 = 0x2715 appeared again. on input 
line 1463.


Package ucs Warning: Unknown character 10005 = 0x2715 appeared again. on input 
line 1465.


Package ucs Warning: Unknown character 10005 = 0x2715 appeared again. on input 
line 1470.


Package ucs Warning: Unknown character 10004 = 0x2714 appeared again. on input 
line 1472.


Package ucs Warning: Unknown character 10004 = 0x2714 appeared again. on input 
line 1474.


Package ucs Warning: Unknown character 10005 = 0x2715 appeared again. on input 
line 1483.


Package ucs Warning: Unknown character 10005 = 0x2715 appeared again. on input 
line 1485.


Package ucs Warning: Unknown character 10004 = 0x2714 appeared again. on input 
line 1487.


Package ucs Warning: Unknown character 10004 = 0x2714 appeared again. on input 
line 1489.


Package ucs Warning: Unknown character 10004 = 0x2714 appeared again. on input 
line 1491.


Package ucs Warning: Unknown character 10005 = 0x2715 appeared again. on input 
line 1496.


Package ucs Warning: Unknown character 10005 = 0x2715 appeared again. on input 
line 1498.


Package ucs Warning: Unknown character 10005 = 0x2715 appeared again. on input 
line 1500.


Package ucs Warning: Unknown character 10004 = 0x2714 appeared again. on input 
line 1502.


Package ucs Warning: Unknown character 10004 = 0x2714 appeared again. on input 
line 1504.


Package ucs Warning: Unknown character 10005 = 0x2715 appeared again. on input 
line 1509.


Package ucs Warning: Unknown character 10005 = 0x2715 appeared again. on input 
line 1511.


Package ucs Warning: Unknown character 10005 = 0x2715 appeared again. on input 
line 1513.


Package ucs Warning: Unknown character 10005 = 0x2715 appeared again. on input 
line 1515.


Package ucs Warning: Unknown character 10005 = 0x2715 appeared again. on input 
line 1517.


Overfull \hbox (48.54788pt too wide) in alignment at lines 1429--1520
 [] [] [] [] [] [] 
 []


Overfull \hbox (220.96909pt too wide) in alignment at lines 1523--1527
 [] [] 
 []


Overfull \hbox (220.96909pt too wide) in alignment at lines 1527--1533
 [] [] 
 []


Overfull \hbox (220.96909pt too wide) in alignment at lines 1533--1537
 [] [] 
 []


Overfull \hbox (220.96909pt too wide) in alignment at lines 1537--1539
 [] [] 
 []


Overfull \hbox (220.96909pt too wide) in alignment at lines 1539--1600
 [] [] 
 []


Overfull \vbox (199.50821pt too high) has occurred while \output is active []


[32] <Add_Customer.png, id=532, 301.125pt x 259.97125pt>
File: Add_Customer.png Graphic file (type png)

<use Add_Customer.png>
Package pdftex.def Info: Add_Customer.png used on input line 1687.
(pdftex.def)             Requested size: 301.12425pt x 259.97061pt.
 <Add_Customer_2.png, id=533, 301.125pt x 259.97125pt>
File: Add_Customer_2.png Graphic file (type png)

<use Add_Customer_2.png>
Package pdftex.def Info: Add_Customer_2.png used on input line 1694.
(pdftex.def)             Requested size: 301.12425pt x 259.97061pt.
 <Add_Customer_3.png, id=534, 301.125pt x 100.375pt>
File: Add_Customer_3.png Graphic file (type png)

<use Add_Customer_3.png>
Package pdftex.def Info: Add_Customer_3.png used on input line 1701.
(pdftex.def)             Requested size: 301.12425pt x 100.37474pt.
 [33 <./Add_Customer.png>] [34 <./Add_Customer_2.png> <./Add_Customer_3.png>] <
Add_Tenant.png, id=559, 301.125pt x 257.46187pt>
File: Add_Tenant.png Graphic file (type png)

<use Add_Tenant.png>
Package pdftex.def Info: Add_Tenant.png used on input line 1744.
(pdftex.def)             Requested size: 301.12425pt x 257.46123pt.
 <Delete_Tenant.png, id=560, 229.35687pt x 107.90312pt>
File: Delete_Tenant.png Graphic file (type png)

<use Delete_Tenant.png>
Package pdftex.def Info: Delete_Tenant.png used on input line 1765.
(pdftex.def)             Requested size: 229.35631pt x 107.90285pt.
 [35 <./Add_Tenant.png>] [36 <./Delete_Tenant.png>]
[37] [38] <Loom-policy-dashboard.png, id=620, 451.6875pt x 216.30812pt>
File: Loom-policy-dashboard.png Graphic file (type png)

<use Loom-policy-dashboard.png>
Package pdftex.def Info: Loom-policy-dashboard.png used on input line 2013.
(pdftex.def)             Requested size: 451.68639pt x 216.30759pt.
 [39 <./Loom-policy-dashboard.png>]
<Policy-details-tab1.png, id=634, 385.44pt x 234.6366pt>
File: Policy-details-tab1.png Graphic file (type png)

<use Policy-details-tab1.png>
Package pdftex.def Info: Policy-details-tab1.png used on input line 2092.
(pdftex.def)             Requested size: 385.43906pt x 234.63602pt.
 [40 <./Policy-details-tab1.png>]
<Policy-details-tab2.png, id=646, 385.44pt x 233.673pt>
File: Policy-details-tab2.png Graphic file (type png)

<use Policy-details-tab2.png>
Package pdftex.def Info: Policy-details-tab2.png used on input line 2126.
(pdftex.def)             Requested size: 385.43906pt x 233.67242pt.
 [41 <./Policy-details-tab2.png>]
<policy-publish.png, id=654, 385.44pt x 235.1184pt>
File: policy-publish.png Graphic file (type png)
 <use policy-publish.png>
Package pdftex.def Info: policy-publish.png used on input line 2183.
(pdftex.def)             Requested size: 385.43906pt x 235.1178pt.

[42 <./policy-publish.png>] [43]
<audit_log_dashboard.png, id=690, 401.5pt x 252.945pt>
File: audit_log_dashboard.png Graphic file (type png)

<use audit_log_dashboard.png>
Package pdftex.def Info: audit_log_dashboard.png used on input line 2312.
(pdftex.def)             Requested size: 401.49901pt x 252.94438pt.
 [44 <./audit_log_dashboard.png>] [45] [46]

LaTeX Warning: File `{_static/MCDMP-WF}.png' not found on input line 2632.


LaTeX Warning: File `{_static/MCDMP-WF}.png' not found on input line 2632.


! Package pdftex.def Error: File `_static/MCDMP-WF.png' not found.

See the pdftex.def package documentation for explanation.
Type  H <return>  for immediate help.
 ...                                              
                                                  
l.2632 ...hics[scale=0.75]{{_static/MCDMP-WF}.png}
                                                  
? 
[47] [48] [49] [50] [51] [52]
Chapter 6.

Underfull \hbox (badness 10000) in paragraph at lines 3067--3067
[]\T1/ptm/m/n/10 Mi-crosoft
 []

[53

]
Underfull \hbox (badness 10000) in paragraph at lines 3107--3107
[]\T1/ptm/m/n/10 Mi-crosoft Azure
 []


Underfull \hbox (badness 10000) in paragraph at lines 3107--3107
[]\T1/ptm/m/n/10 Azure Blob Ser-vice
 []

<VDL-browser-support-future.png, id=779, 681.54625pt x 198.7425pt>
File: VDL-browser-support-future.png Graphic file (type png)

<use VDL-browser-support-future.png>
Package pdftex.def Info: VDL-browser-support-future.png used on input line 3198
.
(pdftex.def)             Requested size: 511.15843pt x 149.0565pt.
 [54] [55 <./VDL-browser-support-future.png>] [56

]
Chapter 7.
(./gsg.ind)
Package atveryend Info: Empty hook `BeforeClearDocument' on input line 3290.
 [57]
Package atveryend Info: Empty hook `AfterLastShipout' on input line 3290.
 (./gsg.aux)
Package atveryend Info: Executing hook `AtVeryEndDocument' on input line 3290.
Package atveryend Info: Executing hook `AtEndAfterFileList' on input line 3290.

Package rerunfilecheck Info: File `gsg.out' has not changed.
(rerunfilecheck)             Checksum: 3768DE5050A5470B8590A5D2F5EF77BF;3650.
Package atveryend Info: Empty hook `AtVeryVeryEnd' on input line 3290.
 ) 
Here is how much of TeX's memory you used:
 14936 strings out of 492995
 217719 string characters out of 6132703
 319148 words of memory out of 5000000
 17770 multiletter control sequences out of 15000+600000
 51785 words of font info for 66 fonts, out of 8000000 for 9000
 1142 hyphenation exceptions out of 8191
 37i,12n,45p,1154b,663s stack positions out of 5000i,500n,10000p,200000b,80000s
{/usr/local/texlive/2017/texmf-dist/fonts/enc/dvips/base/8r.enc}</usr/local/t
exlive/2017/texmf-dist/fonts/type1/urw/courier/ucrr8a.pfb></usr/local/texlive/2
017/texmf-dist/fonts/type1/urw/helvetic/uhvb8a.pfb></usr/local/texlive/2017/tex
mf-dist/fonts/type1/urw/helvetic/uhvbo8a.pfb></usr/local/texlive/2017/texmf-dis
t/fonts/type1/urw/helvetic/uhvr8a.pfb></usr/local/texlive/2017/texmf-dist/fonts
/type1/urw/times/utmb8a.pfb></usr/local/texlive/2017/texmf-dist/fonts/type1/urw
/times/utmr8a.pfb></usr/local/texlive/2017/texmf-dist/fonts/type1/urw/times/utm
ri8a.pfb>
Output written on gsg.pdf (61 pages, 2637105 bytes).
PDF statistics:
 914 PDF objects out of 1000 (max. 8388607)
 762 compressed objects within 8 object streams
 363 named destinations out of 1000 (max. 500000)
 371 words of extra memory for PDF output out of 10000 (max. 10000000)

